<?xml version="1.0" encoding="UTF-8"?>
<!-- Generated by org.testng.reporters.JUnitXMLReporter -->
<testsuite hostname="WPW-WANW-02" name="Test Case of ProfileMatch 1" tests="4" failures="1" timestamp="4 Nov 2015 18:53:19 GMT" time="26.611" errors="0">
  <testcase name="profileTest" time="5.921" classname="worldpay.QS.SeleniumRGNG.RiskProfilePageTest"/>
  <testcase name="sectionTest" time="7.236" classname="worldpay.QS.SeleniumRGNG.RiskProfilePageTest">
    <failure type="java.lang.AssertionError" message="expected:&amp;lt;Transaction specific&amp;gt; but was:&amp;lt;Profile specific&amp;gt;">
      <![CDATA[java.lang.AssertionError: expected:<Transaction specific> but was:<Profile specific>
	at worldpay.QS.SeleniumRGNG.RiskProfilePageTest.sectionTest(RiskProfilePageTest.java:48)
... Removed 26 stack frames]]>
    </failure>
  </testcase> <!-- sectionTest -->
  <testcase name="profileExist" time="6.223" classname="worldpay.QS.SeleniumRGNG.RiskProfilePageTest"/>
  <testcase name="sectionExist" time="7.216" classname="worldpay.QS.SeleniumRGNG.RiskProfilePageTest"/>
</testsuite> <!-- Test Case of ProfileMatch 1 -->
