<?xml version="1.0" encoding="UTF-8"?>
<!-- Generated by org.testng.reporters.JUnitXMLReporter -->
<testsuite hostname="WPW-WANW-02" name="Test Case of SectionExist 2" tests="1" failures="1" timestamp="30 Oct 2015 18:12:38 GMT" time="2.95" errors="0">
  <testcase name="sectionExist" time="2.949" classname="worldpay.QS.SeleniumRGNG.RiskProfilePageTest">
    <failure type="java.lang.AssertionError">
      <![CDATA[java.lang.AssertionError: 
	at worldpay.QS.SeleniumRGNG.RiskProfilePageTest.sectionExist(RiskProfilePageTest.java:76)
... Removed 28 stack frames]]>
    </failure>
  </testcase> <!-- sectionExist -->
</testsuite> <!-- Test Case of SectionExist 2 -->
