<?xml version="1.0" encoding="UTF-8"?>
<!-- Generated by org.testng.reporters.JUnitXMLReporter -->
<testsuite hostname="WPW-WANW-02" name="Test Case of Profile 2" tests="1" failures="1" timestamp="30 Oct 2015 15:34:50 GMT" time="5.028" errors="0">
  <testcase name="profileTest" time="5.026" classname="worldpay.QS.SeleniumRGNG.RiskProfilePageTest">
    <failure type="java.lang.AssertionError" message="expected:&amp;lt;101314&amp;gt; but was:&amp;lt;101313&amp;gt;">
      <![CDATA[java.lang.AssertionError: expected:<101314> but was:<101313>
	at worldpay.QS.SeleniumRGNG.RiskProfilePageTest.profileTest(RiskProfilePageTest.java:35)
... Removed 26 stack frames]]>
    </failure>
  </testcase> <!-- profileTest -->
</testsuite> <!-- Test Case of Profile 2 -->
