<?xml version="1.0" encoding="UTF-8"?>
<!-- Generated by org.testng.reporters.JUnitXMLReporter -->
<testsuite hostname="WPW-WANW-02" name="Test Case of ProfileExist 3" tests="1" failures="1" timestamp="30 Oct 2015 18:12:27 GMT" time="2.859" errors="0">
  <testcase name="profileExist" time="2.858" classname="worldpay.QS.SeleniumRGNG.RiskProfilePageTest">
    <failure type="java.lang.AssertionError">
      <![CDATA[java.lang.AssertionError: 
	at worldpay.QS.SeleniumRGNG.RiskProfilePageTest.profileExist(RiskProfilePageTest.java:62)
... Removed 28 stack frames]]>
    </failure>
  </testcase> <!-- profileExist -->
</testsuite> <!-- Test Case of ProfileExist 3 -->
